<?xml version="1.0" encoding="UTF-8"?>
<!-- Generated by org.testng.reporters.JUnitReportReporter -->
<testsuite hostname="Mukesh" name="testcases.LoginTestCase11" tests="1" failures="0" timestamp="17 Feb 2017 19:18:12 GMT" time="10.363" errors="0">
  <testcase name="login" time="10.363" classname="testcases.LoginTestCase11"/>
</testsuite> <!-- testcases.LoginTestCase11 -->
