<?xml version="1.0" encoding="UTF-8"?>
<!-- Generated by org.testng.reporters.JUnitReportReporter -->
<testsuite hostname="Mukesh" name="testcases.LoginTestCase7" tests="1" failures="0" timestamp="12 Feb 2017 05:31:41 GMT" time="24.983" errors="0">
  <testcase name="login" time="24.983" classname="testcases.LoginTestCase7"/>
</testsuite> <!-- testcases.LoginTestCase7 -->
