<?xml version="1.0" encoding="UTF-8"?>
<!-- Generated by org.testng.reporters.JUnitReportReporter -->
<testsuite hostname="Mukeshs-MacBook-Air.local" name="demo.DemoScript" tests="1" failures="0" timestamp="11 Feb 2017 05:19:33 GMT" time="0.015" errors="0">
  <testcase name="test1" time="0.015" classname="demo.DemoScript"/>
</testsuite> <!-- demo.DemoScript -->
