<?xml version="1.0" encoding="UTF-8"?>
<!-- Generated by org.testng.reporters.JUnitReportReporter -->
<testsuite hostname="Mukesh" name="testcases.LoginTestCase4" tests="1" failures="0" timestamp="12 Feb 2017 04:32:28 GMT" time="8.720" errors="0">
  <testcase name="login" time="8.720" classname="testcases.LoginTestCase4"/>
</testsuite> <!-- testcases.LoginTestCase4 -->
