<?xml version="1.0" encoding="UTF-8"?>
<!-- Generated by org.testng.reporters.JUnitReportReporter -->
<testsuite hostname="Mukesh" name="testcases.LoginTestCase6" tests="1" failures="0" timestamp="12 Feb 2017 05:12:52 GMT" time="43.973" errors="0">
  <testcase name="login" time="43.973" classname="testcases.LoginTestCase6"/>
</testsuite> <!-- testcases.LoginTestCase6 -->
