<?xml version="1.0" encoding="UTF-8"?>
<!-- Generated by org.testng.reporters.JUnitReportReporter -->
<testsuite hostname="Mukeshs-MacBook-Air.local" name="testcases.LoginTestCase1" tests="1" failures="0" timestamp="11 Feb 2017 05:45:50 GMT" time="16.373" errors="0">
  <testcase name="login" time="16.373" classname="testcases.LoginTestCase1"/>
</testsuite> <!-- testcases.LoginTestCase1 -->
