<?xml version="1.0" encoding="UTF-8"?>
<!-- Generated by org.testng.reporters.JUnitReportReporter -->
<testsuite hostname="Mukesh" name="testcases.LoginTestCase5" tests="1" failures="0" timestamp="12 Feb 2017 04:51:10 GMT" time="8.031" errors="0">
  <testcase name="login" time="8.031" classname="testcases.LoginTestCase5"/>
</testsuite> <!-- testcases.LoginTestCase5 -->
