<?xml version="1.0" encoding="UTF-8"?>
<!-- Generated by org.testng.reporters.JUnitReportReporter -->
<testsuite hostname="Mukesh" name="testcases.TestCase001" tests="1" failures="0" timestamp="18 Feb 2017 05:14:32 GMT" time="13.246" errors="0">
  <testcase name="login" time="13.246" classname="testcases.TestCase001"/>
</testsuite> <!-- testcases.TestCase001 -->
