<?xml version="1.0" encoding="UTF-8"?>
<!-- Generated by org.testng.reporters.JUnitReportReporter -->
<testsuite hostname="Mukeshs-MacBook-Air.local" name="testcases.LoginTestCase3" tests="1" failures="0" timestamp="11 Feb 2017 05:58:05 GMT" time="9.006" errors="0">
  <testcase name="login" time="9.006" classname="testcases.LoginTestCase3"/>
</testsuite> <!-- testcases.LoginTestCase3 -->
